        -:    0:Source:gcov_loops.cpp
        -:    0:Graph:gcov_loops.gcno
        -:    0:Data:gcov_loops.gcda
        -:    0:Runs:1
        1:    1:unsigned int loop1(unsigned int x) {
        1:    2:  unsigned int r = 0;
      101:    3:  for (unsigned int ii = 0; ii < x; ++ ii) {
      100:    4:    ++ r; // LINE 1
        -:    5:  }
        1:    6:  return r;
        -:    7:}
        -:    8:
      383:    9:unsigned int loop2(unsigned int x) {
      383:   10:  unsigned int r = 0;
     1385:   11:  for (unsigned int ii = 0; ii < x; ii += 2) {
   101202:   12:    for (unsigned int jj = 0; jj < 100; ++ jj) {
   100200:   13:      if ((ii * jj) % 23 < 4) {
    46444:   14:	++ r; // LINE 2
        -:   15:      }
        -:   16:    }
        -:   17:  }
      383:   18:  return r;
        -:   19:}
        -:   20:
        1:   21:unsigned int loop3(unsigned int x) {
        1:   22:  unsigned int r = 0;
     1145:   23:  for (unsigned int ii = 0; ii < x; ++ ii) {
     1144:   24:    if ((ii * ii * ii) % 3 == 0) {
      382:   25:      r = loop2(ii % 10); // LINE 3
        -:   26:    }
        -:   27:  }
        1:   28:  return r;
        -:   29:}
        -:   30:
        -:   31:
        -:   32:
        1:   33:int main() {
        1:   34:  unsigned int x = 100;
        1:   35:  x = loop1(x);
        1:   36:  x = loop2(x);
        1:   37:  x = loop3(x);
        1:   38:}
